[15-Dec-2017 23:53:52 UTC] PHP Notice:  Undefined index: SERVER_SOFTWARE in phar:///usr/local/bin/wp/php/WP_CLI/Runner.php(1020) : eval()'d code on line 75
[15-Dec-2017 23:53:55 UTC] PHP Notice:  Undefined index: SERVER_SOFTWARE in phar:///usr/local/bin/wp/php/WP_CLI/Runner.php(1020) : eval()'d code on line 75
[15-Dec-2017 23:54:01 UTC] PHP Notice:  Undefined index: SERVER_SOFTWARE in phar:///usr/local/bin/wp/php/WP_CLI/Runner.php(1020) : eval()'d code on line 75
[15-Dec-2017 23:54:02 UTC] PHP Notice:  Undefined index: SERVER_SOFTWARE in phar:///usr/local/bin/wp/php/WP_CLI/Runner.php(1020) : eval()'d code on line 75
[15-Dec-2017 23:54:09 UTC] PHP Notice:  Undefined index: SERVER_SOFTWARE in phar:///usr/local/bin/wp/php/WP_CLI/Runner.php(1020) : eval()'d code on line 75
[15-Dec-2017 23:54:10 UTC] PHP Notice:  Undefined index: SERVER_SOFTWARE in phar:///usr/local/bin/wp/php/WP_CLI/Runner.php(1020) : eval()'d code on line 75
[15-Dec-2017 23:54:16 UTC] PHP Notice:  Undefined index: SERVER_SOFTWARE in phar:///usr/local/bin/wp/php/WP_CLI/Runner.php(1020) : eval()'d code on line 75
[15-Dec-2017 23:54:17 UTC] PHP Notice:  Undefined index: SERVER_SOFTWARE in phar:///usr/local/bin/wp/php/WP_CLI/Runner.php(1020) : eval()'d code on line 75
[15-Dec-2017 23:55:19 UTC] PHP Notice:  Undefined index: SERVER_SOFTWARE in phar:///usr/local/bin/wp/php/WP_CLI/Runner.php(1020) : eval()'d code on line 75
[15-Dec-2017 23:55:21 UTC] PHP Notice:  Undefined index: SERVER_SOFTWARE in phar:///usr/local/bin/wp/php/WP_CLI/Runner.php(1020) : eval()'d code on line 75
[16-Dec-2017 03:56:07 UTC] PHP Notice:  Undefined index: SERVER_SOFTWARE in phar:///usr/local/bin/wp/php/WP_CLI/Runner.php(1020) : eval()'d code on line 75
[16-Dec-2017 03:56:07 UTC] PHP Notice:  Undefined index: SERVER_SOFTWARE in phar:///usr/local/bin/wp/php/WP_CLI/Runner.php(1020) : eval()'d code on line 75
[16-Dec-2017 03:56:09 UTC] PHP Notice:  Undefined index: SERVER_SOFTWARE in phar:///usr/local/bin/wp/php/WP_CLI/Runner.php(1020) : eval()'d code on line 75
[16-Dec-2017 03:57:04 UTC] PHP Notice:  Undefined index: SERVER_SOFTWARE in phar:///usr/local/bin/wp/php/WP_CLI/Runner.php(1020) : eval()'d code on line 75
[18-Dec-2017 03:01:02 UTC] PHP Notice:  Undefined index: SERVER_SOFTWARE in phar:///usr/local/bin/wp/php/WP_CLI/Runner.php(1020) : eval()'d code on line 75
[18-Dec-2017 03:01:02 UTC] PHP Notice:  Undefined index: SERVER_SOFTWARE in phar:///usr/local/bin/wp/php/WP_CLI/Runner.php(1020) : eval()'d code on line 75
[18-Dec-2017 03:01:07 UTC] PHP Notice:  Undefined index: SERVER_SOFTWARE in phar:///usr/local/bin/wp/php/WP_CLI/Runner.php(1020) : eval()'d code on line 75
[18-Dec-2017 03:01:07 UTC] PHP Notice:  Undefined index: SERVER_SOFTWARE in phar:///usr/local/bin/wp/php/WP_CLI/Runner.php(1020) : eval()'d code on line 75
[18-Dec-2017 03:14:03 UTC] PHP Notice:  Undefined index: SERVER_SOFTWARE in phar:///usr/local/bin/wp/php/WP_CLI/Runner.php(1020) : eval()'d code on line 75
[18-Dec-2017 03:14:25 UTC] PHP Notice:  Undefined index: SERVER_SOFTWARE in phar:///usr/local/bin/wp/php/WP_CLI/Runner.php(1020) : eval()'d code on line 75
[18-Dec-2017 03:19:08 UTC] PHP Parse error:  syntax error, unexpected '<', expecting end of file in /app/public/index.php on line 18
[18-Dec-2017 03:19:10 UTC] PHP Parse error:  syntax error, unexpected '<', expecting end of file in /app/public/index.php on line 18
[18-Dec-2017 03:19:41 UTC] PHP Parse error:  syntax error, unexpected '<', expecting end of file in /app/public/index.php on line 18
[18-Dec-2017 03:19:43 UTC] PHP Parse error:  syntax error, unexpected '<', expecting end of file in /app/public/index.php on line 18
[18-Dec-2017 03:20:37 UTC] PHP Parse error:  syntax error, unexpected '<', expecting end of file in /app/public/index.php on line 18
[18-Dec-2017 03:20:38 UTC] PHP Parse error:  syntax error, unexpected '<', expecting end of file in /app/public/index.php on line 18
[18-Dec-2017 03:20:48 UTC] PHP Parse error:  syntax error, unexpected '<', expecting end of file in /app/public/index.php on line 18
[18-Dec-2017 03:20:50 UTC] PHP Parse error:  syntax error, unexpected '<', expecting end of file in /app/public/index.php on line 18
[18-Dec-2017 03:20:56 UTC] PHP Parse error:  syntax error, unexpected '<', expecting end of file in /app/public/index.php on line 18
[18-Dec-2017 03:20:56 UTC] PHP Parse error:  syntax error, unexpected '<', expecting end of file in /app/public/index.php on line 18
[18-Dec-2017 03:20:57 UTC] PHP Parse error:  syntax error, unexpected '<', expecting end of file in /app/public/index.php on line 18
[18-Dec-2017 03:20:58 UTC] PHP Parse error:  syntax error, unexpected '<', expecting end of file in /app/public/index.php on line 18
[18-Dec-2017 03:21:13 UTC] PHP Parse error:  syntax error, unexpected '<', expecting end of file in /app/public/index.php on line 18
[18-Dec-2017 03:21:15 UTC] PHP Parse error:  syntax error, unexpected '<', expecting end of file in /app/public/index.php on line 18
[18-Dec-2017 03:21:28 UTC] PHP Parse error:  syntax error, unexpected '<', expecting end of file in /app/public/index.php on line 18
[18-Dec-2017 03:21:30 UTC] PHP Parse error:  syntax error, unexpected '<', expecting end of file in /app/public/index.php on line 18
[18-Dec-2017 03:22:34 UTC] PHP Parse error:  syntax error, unexpected '<', expecting end of file in /app/public/index.php on line 19
[18-Dec-2017 03:22:35 UTC] PHP Parse error:  syntax error, unexpected '<', expecting end of file in /app/public/index.php on line 19
[18-Dec-2017 03:23:42 UTC] PHP Parse error:  syntax error, unexpected '<', expecting end of file in /app/public/index.php on line 19
[18-Dec-2017 03:23:44 UTC] PHP Parse error:  syntax error, unexpected '<', expecting end of file in /app/public/index.php on line 19
[18-Dec-2017 03:23:53 UTC] PHP Parse error:  syntax error, unexpected '<', expecting end of file in /app/public/index.php on line 19
[18-Dec-2017 03:23:53 UTC] PHP Parse error:  syntax error, unexpected '<', expecting end of file in /app/public/index.php on line 19
[18-Dec-2017 03:23:56 UTC] PHP Parse error:  syntax error, unexpected '<', expecting end of file in /app/public/index.php on line 19
[18-Dec-2017 03:23:57 UTC] PHP Parse error:  syntax error, unexpected '<', expecting end of file in /app/public/index.php on line 19
[18-Dec-2017 03:56:34 UTC] PHP Parse error:  syntax error, unexpected end of file, expecting variable (T_VARIABLE) or ${ (T_DOLLAR_OPEN_CURLY_BRACES) or {$ (T_CURLY_OPEN) in /app/public/wp-content/themes/dev_university_theme/index.php on line 14
[18-Dec-2017 04:00:18 UTC] PHP Parse error:  syntax error, unexpected ';', expecting ',' or ')' in /app/public/wp-content/themes/dev_university_theme/index.php on line 16
[18-Dec-2017 04:23:06 UTC] PHP Parse error:  syntax error, unexpected '}' in /app/public/wp-content/themes/dev_university_theme/index.php on line 7
[18-Dec-2017 05:15:43 UTC] PHP Notice:  Undefined index: SERVER_SOFTWARE in phar:///usr/local/bin/wp/php/WP_CLI/Runner.php(1020) : eval()'d code on line 75
[18-Dec-2017 05:29:39 UTC] PHP Notice:  Undefined index: SERVER_SOFTWARE in phar:///usr/local/bin/wp/php/WP_CLI/Runner.php(1020) : eval()'d code on line 75
[18-Dec-2017 05:31:44 UTC] PHP Notice:  Undefined index: SERVER_SOFTWARE in phar:///usr/local/bin/wp/php/WP_CLI/Runner.php(1020) : eval()'d code on line 75
[18-Dec-2017 05:31:45 UTC] PHP Notice:  Undefined index: SERVER_SOFTWARE in phar:///usr/local/bin/wp/php/WP_CLI/Runner.php(1020) : eval()'d code on line 75
[18-Dec-2017 05:31:48 UTC] PHP Notice:  Undefined index: SERVER_SOFTWARE in phar:///usr/local/bin/wp/php/WP_CLI/Runner.php(1020) : eval()'d code on line 75
[18-Dec-2017 05:31:49 UTC] PHP Notice:  Undefined index: SERVER_SOFTWARE in phar:///usr/local/bin/wp/php/WP_CLI/Runner.php(1020) : eval()'d code on line 75
[18-Dec-2017 06:21:58 UTC] PHP Notice:  Undefined index: SERVER_SOFTWARE in phar:///usr/local/bin/wp/php/WP_CLI/Runner.php(1020) : eval()'d code on line 75
[18-Dec-2017 06:29:27 UTC] PHP Parse error:  syntax error, unexpected 'wp_enqueue_style' (T_STRING) in /app/public/wp-content/themes/dev_university_theme/functions.php on line 7
