2017-12-15 23:53:02 28 [Warning] Using unique option prefix myisam-recover instead of myisam-recover-options is deprecated and will be removed in a future release. Please use the full name instead.
2017-12-15 23:53:02 28 [Note] Plugin 'FEDERATED' is disabled.
2017-12-15 23:53:02 28 [Note] InnoDB: Using atomics to ref count buffer pool pages
2017-12-15 23:53:02 28 [Note] InnoDB: The InnoDB memory heap is disabled
2017-12-15 23:53:02 28 [Note] InnoDB: Mutexes and rw_locks use GCC atomic builtins
2017-12-15 23:53:02 28 [Note] InnoDB: Memory barrier is not used
2017-12-15 23:53:02 28 [Note] InnoDB: Compressed tables use zlib 1.2.3
2017-12-15 23:53:02 28 [Note] InnoDB: Using Linux native AIO
2017-12-15 23:53:02 28 [Note] InnoDB: Using CPU crc32 instructions
2017-12-15 23:53:02 28 [Note] InnoDB: Initializing buffer pool, size = 32.0M
2017-12-15 23:53:02 28 [Note] InnoDB: Completed initialization of buffer pool
2017-12-15 23:53:02 28 [Note] InnoDB: Highest supported file format is Barracuda.
2017-12-15 23:53:02 28 [Note] InnoDB: The log sequence numbers 1625987 and 1625987 in ibdata files do not match the log sequence number 1625997 in the ib_logfiles!
2017-12-15 23:53:02 28 [Note] InnoDB: Database was not shutdown normally!
2017-12-15 23:53:02 28 [Note] InnoDB: Starting crash recovery.
2017-12-15 23:53:02 28 [Note] InnoDB: Reading tablespace information from the .ibd files...
2017-12-15 23:53:02 28 [Note] InnoDB: Restoring possible half-written data pages 
2017-12-15 23:53:02 28 [Note] InnoDB: from the doublewrite buffer...
2017-12-15 23:53:02 28 [Note] InnoDB: 128 rollback segment(s) are active.
2017-12-15 23:53:02 28 [Note] InnoDB: Waiting for purge to start
2017-12-15 23:53:02 28 [Note] InnoDB: 5.6.37 started; log sequence number 1625997
2017-12-15 23:53:02 28 [Note] Server hostname (bind-address): '*'; port: 3306
2017-12-15 23:53:02 28 [Note] IPv6 is available.
2017-12-15 23:53:02 28 [Note]   - '::' resolves to '::';
2017-12-15 23:53:02 28 [Note] Server socket created on IP: '::'.
2017-12-15 23:53:02 28 [ERROR] /usr/sbin/mysqld: Table './mysql/user' is marked as crashed and should be repaired
2017-12-15 23:53:02 28 [Warning] Checking table:   './mysql/user'
2017-12-15 23:53:02 28 [ERROR] 1 client is using or hasn't closed the table properly
2017-12-15 23:53:02 28 [Warning] 'user' entry 'root@e24d0b5cccc1' ignored in --skip-name-resolve mode.
2017-12-15 23:53:02 28 [Warning] 'user' entry '@e24d0b5cccc1' ignored in --skip-name-resolve mode.
2017-12-15 23:53:02 28 [Warning] 'proxies_priv' entry '@ root@e24d0b5cccc1' ignored in --skip-name-resolve mode.
2017-12-15 23:53:02 28 [Note] Event Scheduler: Loaded 0 events
2017-12-15 23:53:02 28 [Note] /usr/sbin/mysqld: ready for connections.
Version: '5.6.37'  socket: '/var/run/mysqld/mysqld.sock'  port: 3306  MySQL Community Server (GPL)
2017-12-16 03:57:07 46 [Warning] Using unique option prefix myisam-recover instead of myisam-recover-options is deprecated and will be removed in a future release. Please use the full name instead.
2017-12-16 03:57:07 46 [Note] Plugin 'FEDERATED' is disabled.
2017-12-16 03:57:07 46 [Note] InnoDB: Using atomics to ref count buffer pool pages
2017-12-16 03:57:07 46 [Note] InnoDB: The InnoDB memory heap is disabled
2017-12-16 03:57:07 46 [Note] InnoDB: Mutexes and rw_locks use GCC atomic builtins
2017-12-16 03:57:07 46 [Note] InnoDB: Memory barrier is not used
2017-12-16 03:57:07 46 [Note] InnoDB: Compressed tables use zlib 1.2.3
2017-12-16 03:57:07 46 [Note] InnoDB: Using Linux native AIO
2017-12-16 03:57:07 46 [Note] InnoDB: Using CPU crc32 instructions
2017-12-16 03:57:07 46 [Note] InnoDB: Initializing buffer pool, size = 32.0M
2017-12-16 03:57:07 46 [Note] InnoDB: Completed initialization of buffer pool
2017-12-16 03:57:07 46 [Note] InnoDB: Highest supported file format is Barracuda.
2017-12-16 03:57:07 46 [Note] InnoDB: The log sequence numbers 1625987 and 1625987 in ibdata files do not match the log sequence number 2462198 in the ib_logfiles!
2017-12-16 03:57:07 46 [Note] InnoDB: Database was not shutdown normally!
2017-12-16 03:57:07 46 [Note] InnoDB: Starting crash recovery.
2017-12-16 03:57:07 46 [Note] InnoDB: Reading tablespace information from the .ibd files...
2017-12-16 03:57:07 46 [Note] InnoDB: Restoring possible half-written data pages 
2017-12-16 03:57:07 46 [Note] InnoDB: from the doublewrite buffer...
2017-12-16 03:57:07 46 [Note] InnoDB: 128 rollback segment(s) are active.
2017-12-16 03:57:07 46 [Note] InnoDB: Waiting for purge to start
2017-12-16 03:57:07 46 [Note] InnoDB: 5.6.37 started; log sequence number 2462198
2017-12-16 03:57:08 46 [Note] Server hostname (bind-address): '*'; port: 3306
2017-12-16 03:57:08 46 [Note] IPv6 is available.
2017-12-16 03:57:08 46 [Note]   - '::' resolves to '::';
2017-12-16 03:57:08 46 [Note] Server socket created on IP: '::'.
2017-12-16 03:57:08 46 [Warning] 'user' entry 'root@e24d0b5cccc1' ignored in --skip-name-resolve mode.
2017-12-16 03:57:08 46 [Warning] 'user' entry '@e24d0b5cccc1' ignored in --skip-name-resolve mode.
2017-12-16 03:57:08 46 [Warning] 'proxies_priv' entry '@ root@e24d0b5cccc1' ignored in --skip-name-resolve mode.
2017-12-16 03:57:08 46 [Note] Event Scheduler: Loaded 0 events
2017-12-16 03:57:08 46 [Note] /usr/sbin/mysqld: ready for connections.
Version: '5.6.37'  socket: '/var/run/mysqld/mysqld.sock'  port: 3306  MySQL Community Server (GPL)
2017-12-18 02:53:23 41 [Warning] Using unique option prefix myisam-recover instead of myisam-recover-options is deprecated and will be removed in a future release. Please use the full name instead.
2017-12-18 02:53:23 41 [Note] Plugin 'FEDERATED' is disabled.
2017-12-18 02:53:23 41 [Note] InnoDB: Using atomics to ref count buffer pool pages
2017-12-18 02:53:23 41 [Note] InnoDB: The InnoDB memory heap is disabled
2017-12-18 02:53:23 41 [Note] InnoDB: Mutexes and rw_locks use GCC atomic builtins
2017-12-18 02:53:23 41 [Note] InnoDB: Memory barrier is not used
2017-12-18 02:53:23 41 [Note] InnoDB: Compressed tables use zlib 1.2.3
2017-12-18 02:53:23 41 [Note] InnoDB: Using Linux native AIO
2017-12-18 02:53:23 41 [Note] InnoDB: Using CPU crc32 instructions
2017-12-18 02:53:23 41 [Note] InnoDB: Initializing buffer pool, size = 32.0M
2017-12-18 02:53:23 41 [Note] InnoDB: Completed initialization of buffer pool
2017-12-18 02:53:24 41 [Note] InnoDB: Highest supported file format is Barracuda.
2017-12-18 02:53:24 41 [Note] InnoDB: The log sequence numbers 1625987 and 1625987 in ibdata files do not match the log sequence number 2462224 in the ib_logfiles!
2017-12-18 02:53:24 41 [Note] InnoDB: Database was not shutdown normally!
2017-12-18 02:53:24 41 [Note] InnoDB: Starting crash recovery.
2017-12-18 02:53:24 41 [Note] InnoDB: Reading tablespace information from the .ibd files...
2017-12-18 02:53:25 41 [Note] InnoDB: Restoring possible half-written data pages 
2017-12-18 02:53:25 41 [Note] InnoDB: from the doublewrite buffer...
2017-12-18 02:53:28 41 [Note] InnoDB: 128 rollback segment(s) are active.
2017-12-18 02:53:28 41 [Note] InnoDB: Waiting for purge to start
2017-12-18 02:53:29 41 [Note] InnoDB: 5.6.37 started; log sequence number 2462224
2017-12-18 02:53:29 41 [Note] Server hostname (bind-address): '*'; port: 3306
2017-12-18 02:53:29 41 [Note] IPv6 is available.
2017-12-18 02:53:29 41 [Note]   - '::' resolves to '::';
2017-12-18 02:53:29 41 [Note] Server socket created on IP: '::'.
2017-12-18 02:53:29 41 [Warning] 'user' entry 'root@e24d0b5cccc1' ignored in --skip-name-resolve mode.
2017-12-18 02:53:29 41 [Warning] 'user' entry '@e24d0b5cccc1' ignored in --skip-name-resolve mode.
2017-12-18 02:53:29 41 [Warning] 'proxies_priv' entry '@ root@e24d0b5cccc1' ignored in --skip-name-resolve mode.
2017-12-18 02:53:29 41 [Note] Event Scheduler: Loaded 0 events
2017-12-18 02:53:29 41 [Note] /usr/sbin/mysqld: ready for connections.
Version: '5.6.37'  socket: '/var/run/mysqld/mysqld.sock'  port: 3306  MySQL Community Server (GPL)
2017-12-18 03:14:06 43 [Warning] Using unique option prefix myisam-recover instead of myisam-recover-options is deprecated and will be removed in a future release. Please use the full name instead.
2017-12-18 03:14:06 43 [Note] Plugin 'FEDERATED' is disabled.
2017-12-18 03:14:06 43 [Note] InnoDB: Using atomics to ref count buffer pool pages
2017-12-18 03:14:06 43 [Note] InnoDB: The InnoDB memory heap is disabled
2017-12-18 03:14:06 43 [Note] InnoDB: Mutexes and rw_locks use GCC atomic builtins
2017-12-18 03:14:06 43 [Note] InnoDB: Memory barrier is not used
2017-12-18 03:14:06 43 [Note] InnoDB: Compressed tables use zlib 1.2.3
2017-12-18 03:14:06 43 [Note] InnoDB: Using Linux native AIO
2017-12-18 03:14:06 43 [Note] InnoDB: Using CPU crc32 instructions
2017-12-18 03:14:06 43 [Note] InnoDB: Initializing buffer pool, size = 32.0M
2017-12-18 03:14:06 43 [Note] InnoDB: Completed initialization of buffer pool
2017-12-18 03:14:06 43 [Note] InnoDB: Highest supported file format is Barracuda.
2017-12-18 03:14:06 43 [Note] InnoDB: The log sequence numbers 1625987 and 1625987 in ibdata files do not match the log sequence number 2998557 in the ib_logfiles!
2017-12-18 03:14:06 43 [Note] InnoDB: Database was not shutdown normally!
2017-12-18 03:14:06 43 [Note] InnoDB: Starting crash recovery.
2017-12-18 03:14:06 43 [Note] InnoDB: Reading tablespace information from the .ibd files...
2017-12-18 03:14:06 43 [Note] InnoDB: Restoring possible half-written data pages 
2017-12-18 03:14:06 43 [Note] InnoDB: from the doublewrite buffer...
2017-12-18 03:14:07 43 [Note] InnoDB: 128 rollback segment(s) are active.
2017-12-18 03:14:07 43 [Note] InnoDB: Waiting for purge to start
2017-12-18 03:14:07 43 [Note] InnoDB: 5.6.37 started; log sequence number 2998557
2017-12-18 03:14:07 43 [Note] Server hostname (bind-address): '*'; port: 3306
2017-12-18 03:14:07 43 [Note] IPv6 is available.
2017-12-18 03:14:07 43 [Note]   - '::' resolves to '::';
2017-12-18 03:14:07 43 [Note] Server socket created on IP: '::'.
2017-12-18 03:14:07 43 [Warning] 'user' entry 'root@e24d0b5cccc1' ignored in --skip-name-resolve mode.
2017-12-18 03:14:07 43 [Warning] 'user' entry '@e24d0b5cccc1' ignored in --skip-name-resolve mode.
2017-12-18 03:14:07 43 [Warning] 'proxies_priv' entry '@ root@e24d0b5cccc1' ignored in --skip-name-resolve mode.
2017-12-18 03:14:07 43 [Note] Event Scheduler: Loaded 0 events
2017-12-18 03:14:07 43 [Note] /usr/sbin/mysqld: ready for connections.
Version: '5.6.37'  socket: '/var/run/mysqld/mysqld.sock'  port: 3306  MySQL Community Server (GPL)
2017-12-18 03:14:26 42 [Warning] Using unique option prefix myisam-recover instead of myisam-recover-options is deprecated and will be removed in a future release. Please use the full name instead.
2017-12-18 03:14:26 42 [Note] Plugin 'FEDERATED' is disabled.
2017-12-18 03:14:26 42 [Note] InnoDB: Using atomics to ref count buffer pool pages
2017-12-18 03:14:26 42 [Note] InnoDB: The InnoDB memory heap is disabled
2017-12-18 03:14:26 42 [Note] InnoDB: Mutexes and rw_locks use GCC atomic builtins
2017-12-18 03:14:26 42 [Note] InnoDB: Memory barrier is not used
2017-12-18 03:14:26 42 [Note] InnoDB: Compressed tables use zlib 1.2.3
2017-12-18 03:14:26 42 [Note] InnoDB: Using Linux native AIO
2017-12-18 03:14:26 42 [Note] InnoDB: Using CPU crc32 instructions
2017-12-18 03:14:26 42 [Note] InnoDB: Initializing buffer pool, size = 32.0M
2017-12-18 03:14:26 42 [Note] InnoDB: Completed initialization of buffer pool
2017-12-18 03:14:26 42 [Note] InnoDB: Highest supported file format is Barracuda.
2017-12-18 03:14:26 42 [Note] InnoDB: The log sequence numbers 1625987 and 1625987 in ibdata files do not match the log sequence number 2998567 in the ib_logfiles!
2017-12-18 03:14:26 42 [Note] InnoDB: Database was not shutdown normally!
2017-12-18 03:14:26 42 [Note] InnoDB: Starting crash recovery.
2017-12-18 03:14:26 42 [Note] InnoDB: Reading tablespace information from the .ibd files...
2017-12-18 03:14:26 42 [Note] InnoDB: Restoring possible half-written data pages 
2017-12-18 03:14:26 42 [Note] InnoDB: from the doublewrite buffer...
2017-12-18 03:14:27 42 [Note] InnoDB: 128 rollback segment(s) are active.
2017-12-18 03:14:27 42 [Note] InnoDB: Waiting for purge to start
2017-12-18 03:14:27 42 [Note] InnoDB: 5.6.37 started; log sequence number 2998567
2017-12-18 03:14:27 42 [Note] Server hostname (bind-address): '*'; port: 3306
2017-12-18 03:14:27 42 [Note] IPv6 is available.
2017-12-18 03:14:27 42 [Note]   - '::' resolves to '::';
2017-12-18 03:14:27 42 [Note] Server socket created on IP: '::'.
2017-12-18 03:14:27 42 [Warning] 'user' entry 'root@e24d0b5cccc1' ignored in --skip-name-resolve mode.
2017-12-18 03:14:27 42 [Warning] 'user' entry '@e24d0b5cccc1' ignored in --skip-name-resolve mode.
2017-12-18 03:14:27 42 [Warning] 'proxies_priv' entry '@ root@e24d0b5cccc1' ignored in --skip-name-resolve mode.
2017-12-18 03:14:27 42 [Note] Event Scheduler: Loaded 0 events
2017-12-18 03:14:27 42 [Note] /usr/sbin/mysqld: ready for connections.
Version: '5.6.37'  socket: '/var/run/mysqld/mysqld.sock'  port: 3306  MySQL Community Server (GPL)
2017-12-18 05:15:47 47 [Warning] Using unique option prefix myisam-recover instead of myisam-recover-options is deprecated and will be removed in a future release. Please use the full name instead.
2017-12-18 05:15:47 47 [Note] Plugin 'FEDERATED' is disabled.
2017-12-18 05:15:47 47 [Note] InnoDB: Using atomics to ref count buffer pool pages
2017-12-18 05:15:47 47 [Note] InnoDB: The InnoDB memory heap is disabled
2017-12-18 05:15:47 47 [Note] InnoDB: Mutexes and rw_locks use GCC atomic builtins
2017-12-18 05:15:47 47 [Note] InnoDB: Memory barrier is not used
2017-12-18 05:15:47 47 [Note] InnoDB: Compressed tables use zlib 1.2.3
2017-12-18 05:15:47 47 [Note] InnoDB: Using Linux native AIO
2017-12-18 05:15:47 47 [Note] InnoDB: Using CPU crc32 instructions
2017-12-18 05:15:47 47 [Note] InnoDB: Initializing buffer pool, size = 32.0M
2017-12-18 05:15:47 47 [Note] InnoDB: Completed initialization of buffer pool
2017-12-18 05:15:47 47 [Note] InnoDB: Highest supported file format is Barracuda.
2017-12-18 05:15:47 47 [Note] InnoDB: The log sequence numbers 1625987 and 1625987 in ibdata files do not match the log sequence number 3220216 in the ib_logfiles!
2017-12-18 05:15:47 47 [Note] InnoDB: Database was not shutdown normally!
2017-12-18 05:15:47 47 [Note] InnoDB: Starting crash recovery.
2017-12-18 05:15:47 47 [Note] InnoDB: Reading tablespace information from the .ibd files...
2017-12-18 05:15:47 47 [Note] InnoDB: Restoring possible half-written data pages 
2017-12-18 05:15:47 47 [Note] InnoDB: from the doublewrite buffer...
2017-12-18 05:15:47 47 [Note] InnoDB: 128 rollback segment(s) are active.
2017-12-18 05:15:47 47 [Note] InnoDB: Waiting for purge to start
2017-12-18 05:15:47 47 [Note] InnoDB: 5.6.37 started; log sequence number 3220216
2017-12-18 05:15:47 47 [Note] Server hostname (bind-address): '*'; port: 3306
2017-12-18 05:15:47 47 [Note] IPv6 is available.
2017-12-18 05:15:47 47 [Note]   - '::' resolves to '::';
2017-12-18 05:15:47 47 [Note] Server socket created on IP: '::'.
2017-12-18 05:15:47 47 [Warning] 'user' entry 'root@e24d0b5cccc1' ignored in --skip-name-resolve mode.
2017-12-18 05:15:47 47 [Warning] 'user' entry '@e24d0b5cccc1' ignored in --skip-name-resolve mode.
2017-12-18 05:15:47 47 [Warning] 'proxies_priv' entry '@ root@e24d0b5cccc1' ignored in --skip-name-resolve mode.
2017-12-18 05:15:47 47 [Note] Event Scheduler: Loaded 0 events
2017-12-18 05:15:47 47 [Note] /usr/sbin/mysqld: ready for connections.
Version: '5.6.37'  socket: '/var/run/mysqld/mysqld.sock'  port: 3306  MySQL Community Server (GPL)
2017-12-18 05:29:42 47 [Warning] Using unique option prefix myisam-recover instead of myisam-recover-options is deprecated and will be removed in a future release. Please use the full name instead.
2017-12-18 05:29:42 47 [Note] Plugin 'FEDERATED' is disabled.
2017-12-18 05:29:42 47 [Note] InnoDB: Using atomics to ref count buffer pool pages
2017-12-18 05:29:42 47 [Note] InnoDB: The InnoDB memory heap is disabled
2017-12-18 05:29:42 47 [Note] InnoDB: Mutexes and rw_locks use GCC atomic builtins
2017-12-18 05:29:42 47 [Note] InnoDB: Memory barrier is not used
2017-12-18 05:29:42 47 [Note] InnoDB: Compressed tables use zlib 1.2.3
2017-12-18 05:29:42 47 [Note] InnoDB: Using Linux native AIO
2017-12-18 05:29:42 47 [Note] InnoDB: Using CPU crc32 instructions
2017-12-18 05:29:42 47 [Note] InnoDB: Initializing buffer pool, size = 32.0M
2017-12-18 05:29:42 47 [Note] InnoDB: Completed initialization of buffer pool
2017-12-18 05:29:42 47 [Note] InnoDB: Highest supported file format is Barracuda.
2017-12-18 05:29:42 47 [Note] InnoDB: The log sequence numbers 1625987 and 1625987 in ibdata files do not match the log sequence number 3220226 in the ib_logfiles!
2017-12-18 05:29:42 47 [Note] InnoDB: Database was not shutdown normally!
2017-12-18 05:29:42 47 [Note] InnoDB: Starting crash recovery.
2017-12-18 05:29:42 47 [Note] InnoDB: Reading tablespace information from the .ibd files...
2017-12-18 05:29:42 47 [Note] InnoDB: Restoring possible half-written data pages 
2017-12-18 05:29:42 47 [Note] InnoDB: from the doublewrite buffer...
2017-12-18 05:29:42 47 [Note] InnoDB: 128 rollback segment(s) are active.
2017-12-18 05:29:42 47 [Note] InnoDB: Waiting for purge to start
2017-12-18 05:29:42 47 [Note] InnoDB: 5.6.37 started; log sequence number 3220226
2017-12-18 05:29:42 47 [Note] Server hostname (bind-address): '*'; port: 3306
2017-12-18 05:29:42 47 [Note] IPv6 is available.
2017-12-18 05:29:42 47 [Note]   - '::' resolves to '::';
2017-12-18 05:29:42 47 [Note] Server socket created on IP: '::'.
2017-12-18 05:29:42 47 [Warning] 'user' entry 'root@e24d0b5cccc1' ignored in --skip-name-resolve mode.
2017-12-18 05:29:42 47 [Warning] 'user' entry '@e24d0b5cccc1' ignored in --skip-name-resolve mode.
2017-12-18 05:29:42 47 [Warning] 'proxies_priv' entry '@ root@e24d0b5cccc1' ignored in --skip-name-resolve mode.
2017-12-18 05:29:42 47 [Note] Event Scheduler: Loaded 0 events
2017-12-18 05:29:42 47 [Note] /usr/sbin/mysqld: ready for connections.
Version: '5.6.37'  socket: '/var/run/mysqld/mysqld.sock'  port: 3306  MySQL Community Server (GPL)
2017-12-18 06:22:01 47 [Warning] Using unique option prefix myisam-recover instead of myisam-recover-options is deprecated and will be removed in a future release. Please use the full name instead.
2017-12-18 06:22:01 47 [Note] Plugin 'FEDERATED' is disabled.
2017-12-18 06:22:01 47 [Note] InnoDB: Using atomics to ref count buffer pool pages
2017-12-18 06:22:01 47 [Note] InnoDB: The InnoDB memory heap is disabled
2017-12-18 06:22:01 47 [Note] InnoDB: Mutexes and rw_locks use GCC atomic builtins
2017-12-18 06:22:01 47 [Note] InnoDB: Memory barrier is not used
2017-12-18 06:22:01 47 [Note] InnoDB: Compressed tables use zlib 1.2.3
2017-12-18 06:22:01 47 [Note] InnoDB: Using Linux native AIO
2017-12-18 06:22:01 47 [Note] InnoDB: Using CPU crc32 instructions
2017-12-18 06:22:01 47 [Note] InnoDB: Initializing buffer pool, size = 32.0M
2017-12-18 06:22:01 47 [Note] InnoDB: Completed initialization of buffer pool
2017-12-18 06:22:01 47 [Note] InnoDB: Highest supported file format is Barracuda.
2017-12-18 06:22:01 47 [Note] InnoDB: Log scan progressed past the checkpoint lsn 3226906
2017-12-18 06:22:01 47 [Note] InnoDB: Database was not shutdown normally!
2017-12-18 06:22:01 47 [Note] InnoDB: Starting crash recovery.
2017-12-18 06:22:01 47 [Note] InnoDB: Reading tablespace information from the .ibd files...
2017-12-18 06:22:01 47 [Note] InnoDB: Restoring possible half-written data pages 
2017-12-18 06:22:01 47 [Note] InnoDB: from the doublewrite buffer...
InnoDB: Doing recovery: scanned up to log sequence number 3226916
2017-12-18 06:22:01 47 [Note] InnoDB: 128 rollback segment(s) are active.
2017-12-18 06:22:01 47 [Note] InnoDB: Waiting for purge to start
2017-12-18 06:22:01 47 [Note] InnoDB: 5.6.37 started; log sequence number 3226916
2017-12-18 06:22:01 47 [Note] Server hostname (bind-address): '*'; port: 3306
2017-12-18 06:22:01 47 [Note] IPv6 is available.
2017-12-18 06:22:01 47 [Note]   - '::' resolves to '::';
2017-12-18 06:22:01 47 [Note] Server socket created on IP: '::'.
2017-12-18 06:22:01 47 [Warning] 'user' entry 'root@e24d0b5cccc1' ignored in --skip-name-resolve mode.
2017-12-18 06:22:01 47 [Warning] 'user' entry '@e24d0b5cccc1' ignored in --skip-name-resolve mode.
2017-12-18 06:22:01 47 [Warning] 'proxies_priv' entry '@ root@e24d0b5cccc1' ignored in --skip-name-resolve mode.
2017-12-18 06:22:01 47 [Note] Event Scheduler: Loaded 0 events
2017-12-18 06:22:01 47 [Note] /usr/sbin/mysqld: ready for connections.
Version: '5.6.37'  socket: '/var/run/mysqld/mysqld.sock'  port: 3306  MySQL Community Server (GPL)
2017-12-19 04:40:42 51 [Warning] Using unique option prefix myisam-recover instead of myisam-recover-options is deprecated and will be removed in a future release. Please use the full name instead.
2017-12-19 04:40:42 51 [Note] Plugin 'FEDERATED' is disabled.
2017-12-19 04:40:42 51 [Note] InnoDB: Using atomics to ref count buffer pool pages
2017-12-19 04:40:42 51 [Note] InnoDB: The InnoDB memory heap is disabled
2017-12-19 04:40:42 51 [Note] InnoDB: Mutexes and rw_locks use GCC atomic builtins
2017-12-19 04:40:42 51 [Note] InnoDB: Memory barrier is not used
2017-12-19 04:40:42 51 [Note] InnoDB: Compressed tables use zlib 1.2.3
2017-12-19 04:40:42 51 [Note] InnoDB: Using Linux native AIO
2017-12-19 04:40:42 51 [Note] InnoDB: Using CPU crc32 instructions
2017-12-19 04:40:42 51 [Note] InnoDB: Initializing buffer pool, size = 32.0M
2017-12-19 04:40:42 51 [Note] InnoDB: Completed initialization of buffer pool
2017-12-19 04:40:42 51 [Note] InnoDB: Highest supported file format is Barracuda.
2017-12-19 04:40:42 51 [Note] InnoDB: The log sequence numbers 1625987 and 1625987 in ibdata files do not match the log sequence number 3226936 in the ib_logfiles!
2017-12-19 04:40:42 51 [Note] InnoDB: Database was not shutdown normally!
2017-12-19 04:40:42 51 [Note] InnoDB: Starting crash recovery.
2017-12-19 04:40:42 51 [Note] InnoDB: Reading tablespace information from the .ibd files...
2017-12-19 04:40:42 51 [Note] InnoDB: Restoring possible half-written data pages 
2017-12-19 04:40:42 51 [Note] InnoDB: from the doublewrite buffer...
2017-12-19 04:40:46 51 [Note] InnoDB: 128 rollback segment(s) are active.
2017-12-19 04:40:46 51 [Note] InnoDB: Waiting for purge to start
2017-12-19 04:40:46 51 [Note] InnoDB: 5.6.37 started; log sequence number 3226936
2017-12-19 04:40:46 51 [Note] Server hostname (bind-address): '*'; port: 3306
2017-12-19 04:40:46 51 [Note] IPv6 is available.
2017-12-19 04:40:46 51 [Note]   - '::' resolves to '::';
2017-12-19 04:40:46 51 [Note] Server socket created on IP: '::'.
2017-12-19 04:40:46 51 [Warning] 'user' entry 'root@e24d0b5cccc1' ignored in --skip-name-resolve mode.
2017-12-19 04:40:46 51 [Warning] 'user' entry '@e24d0b5cccc1' ignored in --skip-name-resolve mode.
2017-12-19 04:40:46 51 [Warning] 'proxies_priv' entry '@ root@e24d0b5cccc1' ignored in --skip-name-resolve mode.
2017-12-19 04:40:47 51 [Note] Event Scheduler: Loaded 0 events
2017-12-19 04:40:47 51 [Note] /usr/sbin/mysqld: ready for connections.
Version: '5.6.37'  socket: '/var/run/mysqld/mysqld.sock'  port: 3306  MySQL Community Server (GPL)
2017-12-19 19:36:24 43 [Warning] Using unique option prefix myisam-recover instead of myisam-recover-options is deprecated and will be removed in a future release. Please use the full name instead.
2017-12-19 19:36:24 43 [Note] Plugin 'FEDERATED' is disabled.
2017-12-19 19:36:24 43 [Note] InnoDB: Using atomics to ref count buffer pool pages
2017-12-19 19:36:24 43 [Note] InnoDB: The InnoDB memory heap is disabled
2017-12-19 19:36:24 43 [Note] InnoDB: Mutexes and rw_locks use GCC atomic builtins
2017-12-19 19:36:24 43 [Note] InnoDB: Memory barrier is not used
2017-12-19 19:36:24 43 [Note] InnoDB: Compressed tables use zlib 1.2.3
2017-12-19 19:36:24 43 [Note] InnoDB: Using Linux native AIO
2017-12-19 19:36:24 43 [Note] InnoDB: Using CPU crc32 instructions
2017-12-19 19:36:24 43 [Note] InnoDB: Initializing buffer pool, size = 32.0M
2017-12-19 19:36:24 43 [Note] InnoDB: Completed initialization of buffer pool
2017-12-19 19:36:25 43 [Note] InnoDB: Highest supported file format is Barracuda.
2017-12-19 19:36:25 43 [Note] InnoDB: The log sequence numbers 1625987 and 1625987 in ibdata files do not match the log sequence number 3985755 in the ib_logfiles!
2017-12-19 19:36:25 43 [Note] InnoDB: Database was not shutdown normally!
2017-12-19 19:36:25 43 [Note] InnoDB: Starting crash recovery.
2017-12-19 19:36:25 43 [Note] InnoDB: Reading tablespace information from the .ibd files...
2017-12-19 19:36:25 43 [Note] InnoDB: Restoring possible half-written data pages 
2017-12-19 19:36:25 43 [Note] InnoDB: from the doublewrite buffer...
2017-12-19 19:36:28 43 [Note] InnoDB: 128 rollback segment(s) are active.
2017-12-19 19:36:28 43 [Note] InnoDB: Waiting for purge to start
2017-12-19 19:36:28 43 [Note] InnoDB: 5.6.37 started; log sequence number 3985755
2017-12-19 19:36:28 43 [Note] Server hostname (bind-address): '*'; port: 3306
2017-12-19 19:36:28 43 [Note] IPv6 is available.
2017-12-19 19:36:28 43 [Note]   - '::' resolves to '::';
2017-12-19 19:36:28 43 [Note] Server socket created on IP: '::'.
2017-12-19 19:36:28 43 [Warning] 'user' entry 'root@e24d0b5cccc1' ignored in --skip-name-resolve mode.
2017-12-19 19:36:28 43 [Warning] 'user' entry '@e24d0b5cccc1' ignored in --skip-name-resolve mode.
2017-12-19 19:36:28 43 [Warning] 'proxies_priv' entry '@ root@e24d0b5cccc1' ignored in --skip-name-resolve mode.
2017-12-19 19:36:28 43 [Note] Event Scheduler: Loaded 0 events
2017-12-19 19:36:28 43 [Note] /usr/sbin/mysqld: ready for connections.
Version: '5.6.37'  socket: '/var/run/mysqld/mysqld.sock'  port: 3306  MySQL Community Server (GPL)
2017-12-20 23:33:04 41 [Warning] Using unique option prefix myisam-recover instead of myisam-recover-options is deprecated and will be removed in a future release. Please use the full name instead.
2017-12-20 23:33:04 41 [Note] Plugin 'FEDERATED' is disabled.
2017-12-20 23:33:04 41 [Note] InnoDB: Using atomics to ref count buffer pool pages
2017-12-20 23:33:04 41 [Note] InnoDB: The InnoDB memory heap is disabled
2017-12-20 23:33:04 41 [Note] InnoDB: Mutexes and rw_locks use GCC atomic builtins
2017-12-20 23:33:04 41 [Note] InnoDB: Memory barrier is not used
2017-12-20 23:33:04 41 [Note] InnoDB: Compressed tables use zlib 1.2.3
2017-12-20 23:33:04 41 [Note] InnoDB: Using Linux native AIO
2017-12-20 23:33:05 41 [Note] InnoDB: Using CPU crc32 instructions
2017-12-20 23:33:05 41 [Note] InnoDB: Initializing buffer pool, size = 32.0M
2017-12-20 23:33:05 41 [Note] InnoDB: Completed initialization of buffer pool
2017-12-20 23:33:05 41 [Note] InnoDB: Highest supported file format is Barracuda.
2017-12-20 23:33:05 41 [Note] InnoDB: The log sequence numbers 1625987 and 1625987 in ibdata files do not match the log sequence number 4908926 in the ib_logfiles!
2017-12-20 23:33:05 41 [Note] InnoDB: Database was not shutdown normally!
2017-12-20 23:33:05 41 [Note] InnoDB: Starting crash recovery.
2017-12-20 23:33:05 41 [Note] InnoDB: Reading tablespace information from the .ibd files...
2017-12-20 23:33:05 41 [Note] InnoDB: Restoring possible half-written data pages 
2017-12-20 23:33:05 41 [Note] InnoDB: from the doublewrite buffer...
2017-12-20 23:33:07 41 [Note] InnoDB: 128 rollback segment(s) are active.
2017-12-20 23:33:07 41 [Note] InnoDB: Waiting for purge to start
2017-12-20 23:33:07 41 [Note] InnoDB: 5.6.37 started; log sequence number 4908926
2017-12-20 23:33:07 41 [Note] Server hostname (bind-address): '*'; port: 3306
2017-12-20 23:33:07 41 [Note] IPv6 is available.
2017-12-20 23:33:07 41 [Note]   - '::' resolves to '::';
2017-12-20 23:33:07 41 [Note] Server socket created on IP: '::'.
2017-12-20 23:33:07 41 [Warning] 'user' entry 'root@e24d0b5cccc1' ignored in --skip-name-resolve mode.
2017-12-20 23:33:07 41 [Warning] 'user' entry '@e24d0b5cccc1' ignored in --skip-name-resolve mode.
2017-12-20 23:33:08 41 [Warning] 'proxies_priv' entry '@ root@e24d0b5cccc1' ignored in --skip-name-resolve mode.
2017-12-20 23:33:08 41 [Note] Event Scheduler: Loaded 0 events
2017-12-20 23:33:08 41 [Note] /usr/sbin/mysqld: ready for connections.
Version: '5.6.37'  socket: '/var/run/mysqld/mysqld.sock'  port: 3306  MySQL Community Server (GPL)
